2025.10.22 17:05:43 INFO  Started: Metals version 1.6.3 in folders '/home/stanislaw/studia/laby/paradygmatySem3/laby2' for client Visual Studio Code 1.105.1.[0m
2025.10.22 17:05:43 WARN  Using H2 2.4.240 which is newer than the version Flyway has been verified with. The latest verified version of H2 is 2.3.232.[0m
2025.10.22 17:05:44 INFO  no build target found for /home/stanislaw/studia/laby/paradygmatySem3/laby2/main.scala. Using presentation compiler with project's scala-library version: 3.3.6[0m
2025.10.22 17:05:48 INFO  Running List(/home/stanislaw/.local/share/coursier/bin/scala-cli, setup-ide, /home/stanislaw/studia/laby/paradygmatySem3/laby2)[0m
2025.10.22 17:05:48 INFO  Attempting to connect to the build server...[0m
2025.10.22 17:05:48 INFO  Running BSP server List(/home/stanislaw/.local/share/coursier/bin/.scala-cli.aux, bsp, --json-options, /home/stanislaw/studia/laby/paradygmatySem3/laby2/.scala-build/ide-options-v2.json, --json-launcher-options, /home/stanislaw/studia/laby/paradygmatySem3/laby2/.scala-build/ide-launcher-options.json, --envs-file, /home/stanislaw/studia/laby/paradygmatySem3/laby2/.scala-build/ide-envs.json, /home/stanislaw/studia/laby/paradygmatySem3/laby2)[0m
2025.10.22 17:05:48 INFO  tracing is disabled for protocol BSP, to enable tracing of incoming and outgoing JSON messages create an empty file at /home/stanislaw/studia/laby/paradygmatySem3/laby2/.metals/bsp.trace.json or /home/stanislaw/.cache/metals/bsp.trace.json[0m
2025.10.22 17:05:50 INFO  BSP server: Checking https://github.com/coursier/jvm-index/raw/master/index.json[0m
2025.10.22 17:05:50 INFO  BSP server: Checked https://github.com/coursier/jvm-index/raw/master/index.json[0m
2025.10.22 17:05:50 INFO  BSP server: Downloading https://github.com/coursier/jvm-index/raw/master/index.json[0m
2025.10.22 17:05:53 INFO  BSP server: Downloaded https://github.com/coursier/jvm-index/raw/master/index.json[0m
2025.10.22 17:05:53 INFO  BSP server: Starting compilation server[0m
2025.10.22 17:05:55 INFO  BSP server: Downloading https://repo1.maven.org/maven2/com/sourcegraph/semanticdb-javac/0.10.0/semanticdb-javac-0.10.0.pom[0m
2025.10.22 17:05:55 INFO  BSP server: Downloaded https://repo1.maven.org/maven2/com/sourcegraph/semanticdb-javac/0.10.0/semanticdb-javac-0.10.0.pom[0m
2025.10.22 17:05:55 INFO  BSP server: Downloading https://repo1.maven.org/maven2/com/sourcegraph/semanticdb-javac/0.10.0/semanticdb-javac-0.10.0.jar[0m
2025.10.22 17:05:55 INFO  BSP server: Downloaded https://repo1.maven.org/maven2/com/sourcegraph/semanticdb-javac/0.10.0/semanticdb-javac-0.10.0.jar[0m
2025.10.22 17:05:56 INFO  time: Connected to build server in 7.21s[0m
2025.10.22 17:05:56 INFO  Connected to Build server: scala-cli v1.9.1[0m
2025.10.22 17:05:56 WARN  Could not find semantic tokens for: file:///home/stanislaw/studia/laby/paradygmatySem3/laby2/main.scala[0m
2025.10.22 17:05:56 INFO  time: Imported build in 0.13s[0m
2025.10.22 17:05:56 INFO  compiling laby2_fe97d7aa73 (1 scala source)[0m
2025.10.22 17:05:57 INFO  time: compiled laby2_fe97d7aa73 in 1.17s[0m
2025.10.22 17:05:58 WARN  Using H2 2.4.240 which is newer than the version Flyway has been verified with. The latest verified version of H2 is 2.3.232.[0m
2025.10.22 17:05:59 WARN  Could not find semantic tokens for: file:///home/stanislaw/studia/laby/paradygmatySem3/laby2/main.scala[0m
2025.10.22 17:06:06 INFO  time: indexed workspace in 10s[0m
2025.10.22 17:08:13 WARN  Could not find semantic tokens for: file:///home/stanislaw/studia/laby/paradygmatySem3/laby2/main.scala[0m
2025.10.22 17:08:17 INFO  compiling laby2_fe97d7aa73 (1 scala source)[0m
2025.10.22 17:08:18 INFO  time: compiled laby2_fe97d7aa73 in 1.18s[0m
paź 22, 2025 5:10:34 PM org.eclipse.lsp4j.jsonrpc.RemoteEndpoint handleCancellation
WARNING: Unmatched cancel notification for request id 183
2025.10.22 17:14:31 INFO  compiling laby2_fe97d7aa73 (1 scala source)[0m
2025.10.22 17:14:33 INFO  time: compiled laby2_fe97d7aa73 in 1.85s[0m
paź 22, 2025 5:15:16 PM org.eclipse.lsp4j.jsonrpc.RemoteEndpoint handleCancellation
WARNING: Unmatched cancel notification for request id 1346
paź 22, 2025 5:17:31 PM org.eclipse.lsp4j.jsonrpc.RemoteEndpoint handleCancellation
WARNING: Unmatched cancel notification for request id 1526
2025.10.22 17:19:05 INFO  compiling laby2_fe97d7aa73 (1 scala source)[0m
2025.10.22 17:19:06 INFO  time: compiled laby2_fe97d7aa73 in 1.01s[0m
2025.10.22 17:19:12 INFO  compiling laby2_fe97d7aa73 (1 scala source)[0m
2025.10.22 17:19:12 INFO  time: compiled laby2_fe97d7aa73 in 0.74s[0m
2025.10.22 17:20:36 INFO  compiling laby2_fe97d7aa73 (1 scala source)[0m
2025.10.22 17:20:36 INFO  time: compiled laby2_fe97d7aa73 in 0.88s[0m
2025.10.22 17:21:21 INFO  compiling laby2_fe97d7aa73 (1 scala source)[0m
2025.10.22 17:21:21 INFO  time: compiled laby2_fe97d7aa73 in 0.79s[0m
2025.10.22 17:21:34 INFO  compiling laby2_fe97d7aa73 (1 scala source)[0m
2025.10.22 17:21:34 INFO  time: compiled laby2_fe97d7aa73 in 0.6s[0m
2025.10.22 17:21:47 INFO  compiling laby2_fe97d7aa73 (1 scala source)[0m
2025.10.22 17:21:47 INFO  time: compiled laby2_fe97d7aa73 in 0.2s[0m
2025.10.22 17:21:53 INFO  compiling laby2_fe97d7aa73 (1 scala source)[0m
2025.10.22 17:21:53 INFO  time: compiled laby2_fe97d7aa73 in 0.15s[0m
2025.10.22 17:22:08 INFO  compiling laby2_fe97d7aa73 (1 scala source)[0m
2025.10.22 17:22:09 INFO  time: compiled laby2_fe97d7aa73 in 1.42s[0m
paź 22, 2025 5:22:13 PM org.eclipse.lsp4j.jsonrpc.services.GenericEndpoint notify
INFO: Unsupported notification method: $/setTrace
paź 22, 2025 5:22:14 PM org.eclipse.lsp4j.jsonrpc.services.GenericEndpoint notify
INFO: Unsupported notification method: $/setTrace
2025.10.22 17:22:31 INFO  compiling laby2_fe97d7aa73 (1 scala source)[0m
2025.10.22 17:22:31 INFO  time: compiled laby2_fe97d7aa73 in 0.56s[0m
2025.10.22 17:24:04 INFO  Created report: Optional[jar:file:///home/stanislaw/.cache/coursier/v1/https/repo1.maven.org/maven2/org/scala-lang/scala-library/2.13.16/scala-library-2.13.16-sources.jar!/scala/Predef.scala][0m
2025.10.22 17:24:04 INFO  java.lang.AssertionError: assertion failed (full report at: "/home/stanislaw/studia/laby/paradygmatySem3/laby2/.metals/.reports/metals-full/2025-10-22/r_compiler-error_(laby2_5ffe97d7aa73-test)_17-24-04-472.md")[0m
2025.10.22 17:24:11 INFO  compiling laby2_fe97d7aa73 (1 scala source)[0m
2025.10.22 17:24:11 INFO  time: compiled laby2_fe97d7aa73 in 0.56s[0m
2025.10.22 17:24:21 INFO  compiling laby2_fe97d7aa73 (1 scala source)[0m
2025.10.22 17:24:21 INFO  time: compiled laby2_fe97d7aa73 in 0.48s[0m
